[debug] [2019-11-08T17:07:35.531Z] ----------------------------------------------------------------------
[debug] [2019-11-08T17:07:35.533Z] Command:       C:\Program Files\nodejs\node.exe C:\Users\diego\AppData\Roaming\npm\node_modules\firebase-tools\lib\bin\firebase.js serve --only functions
[debug] [2019-11-08T17:07:35.533Z] CLI Version:   7.7.0
[debug] [2019-11-08T17:07:35.533Z] Platform:      win32
[debug] [2019-11-08T17:07:35.533Z] Node Version:  v10.16.0
[debug] [2019-11-08T17:07:35.534Z] Time:          Fri Nov 08 2019 12:07:35 GMT-0500 (Colombia Standard Time)
[debug] [2019-11-08T17:07:35.534Z] ----------------------------------------------------------------------
[debug] [2019-11-08T17:07:35.534Z] 
[debug] [2019-11-08T17:07:35.542Z] > command requires scopes: ["email","openid","https://www.googleapis.com/auth/cloudplatformprojects.readonly","https://www.googleapis.com/auth/firebase","https://www.googleapis.com/auth/cloud-platform"]
[debug] [2019-11-08T17:07:35.542Z] > authorizing via signed-in user
[debug] [2019-11-08T17:07:35.542Z] [iam] checking project ultimate-fantasy-fe04f for permissions ["firebase.projects.get"]
[debug] [2019-11-08T17:07:35.543Z] > refreshing access token with scopes: ["email","https://www.googleapis.com/auth/cloud-platform","https://www.googleapis.com/auth/cloudplatformprojects.readonly","https://www.googleapis.com/auth/firebase","openid"]
[debug] [2019-11-08T17:07:35.543Z] >>> HTTP REQUEST POST https://www.googleapis.com/oauth2/v3/token  
 <request body omitted>
[debug] [2019-11-08T17:07:35.982Z] <<< HTTP RESPONSE 200
[debug] [2019-11-08T17:07:35.993Z] >>> HTTP REQUEST POST https://cloudresourcemanager.googleapis.com/v1/projects/ultimate-fantasy-fe04f:testIamPermissions  

[debug] [2019-11-08T17:07:36.510Z] <<< HTTP RESPONSE 200
[debug] [2019-11-08T17:07:36.511Z] >>> HTTP REQUEST GET https://firebase.googleapis.com/v1beta1/projects/ultimate-fantasy-fe04f  
 
[debug] [2019-11-08T17:07:37.064Z] <<< HTTP RESPONSE 200
[warn] !  Your requested "node" version "8" doesn't match your global version "10"
[info] +  functions: Emulator started at http://localhost:5000
[info] i  functions: Watching "C:\Users\diego\Desktop\ultimate-fantasy\functions" for Cloud Functions...
[debug] [2019-11-08T17:07:39.620Z] [worker-~diagnostic~-ece5280d-ea32-400d-a44a-7e9198db0109]: BUSY
[debug] [2019-11-08T17:07:39.958Z] [runtime-status] Functions runtime initialized. {"cwd":"C:\\Users\\diego\\Desktop\\ultimate-fantasy\\functions","node_version":"10.16.0"}
[debug] [2019-11-08T17:07:39.959Z] [runtime-status] Disabled runtime features: {"functions_config_helper":true,"network_filtering":true,"timeout":true,"memory_limiting":true,"admin_stubs":true} {}
[debug] [2019-11-08T17:07:39.962Z] [runtime-status] Resolved module firebase-admin {"declared":true,"installed":true,"version":"8.7.0","resolution":"C:\\Users\\diego\\Desktop\\ultimate-fantasy\\functions\\node_modules\\firebase-admin\\lib\\index.js"}
[debug] [2019-11-08T17:07:39.963Z] [runtime-status] Resolved module firebase-functions {"declared":true,"installed":true,"version":"3.3.0","resolution":"C:\\Users\\diego\\Desktop\\ultimate-fantasy\\functions\\node_modules\\firebase-functions\\lib\\index.js"}
[debug] [2019-11-08T17:07:39.964Z] [runtime-status] Resolved module firebase-functions {"declared":true,"installed":true,"version":"3.3.0","resolution":"C:\\Users\\diego\\Desktop\\ultimate-fantasy\\functions\\node_modules\\firebase-functions\\lib\\index.js"}
[debug] [2019-11-08T17:07:40.073Z] [worker-~diagnostic~-ece5280d-ea32-400d-a44a-7e9198db0109]: exited
[debug] [2019-11-08T17:07:40.073Z] [worker-~diagnostic~-ece5280d-ea32-400d-a44a-7e9198db0109]: FINISHED
[debug] [2019-11-08T17:19:35.445Z] File C:\Users\diego\Desktop\ultimate-fantasy\functions\index.js changed, reloading triggers
[debug] [2019-11-08T17:19:36.465Z] [worker-~diagnostic~-847aabd5-d457-45b6-94fb-79585772c39b]: BUSY
[debug] [2019-11-08T17:19:36.797Z] [runtime-status] Functions runtime initialized. {"cwd":"C:\\Users\\diego\\Desktop\\ultimate-fantasy\\functions","node_version":"10.16.0"}
[debug] [2019-11-08T17:19:36.798Z] [runtime-status] Disabled runtime features: {"functions_config_helper":true,"network_filtering":true,"timeout":true,"memory_limiting":true,"admin_stubs":true} {}
[debug] [2019-11-08T17:19:36.801Z] [runtime-status] Resolved module firebase-admin {"declared":true,"installed":true,"version":"8.7.0","resolution":"C:\\Users\\diego\\Desktop\\ultimate-fantasy\\functions\\node_modules\\firebase-admin\\lib\\index.js"}
[debug] [2019-11-08T17:19:36.803Z] [runtime-status] Resolved module firebase-functions {"declared":true,"installed":true,"version":"3.3.0","resolution":"C:\\Users\\diego\\Desktop\\ultimate-fantasy\\functions\\node_modules\\firebase-functions\\lib\\index.js"}
[debug] [2019-11-08T17:19:36.804Z] [runtime-status] Resolved module firebase-functions {"declared":true,"installed":true,"version":"3.3.0","resolution":"C:\\Users\\diego\\Desktop\\ultimate-fantasy\\functions\\node_modules\\firebase-functions\\lib\\index.js"}
[debug] [2019-11-08T17:19:36.868Z] [worker-~diagnostic~-847aabd5-d457-45b6-94fb-79585772c39b]: exited
[debug] [2019-11-08T17:19:36.868Z] [worker-~diagnostic~-847aabd5-d457-45b6-94fb-79585772c39b]: FINISHED
[debug] [2019-11-08T17:21:02.314Z] File C:\Users\diego\Desktop\ultimate-fantasy\functions\index.js changed, reloading triggers
[debug] [2019-11-08T17:21:03.325Z] [worker-~diagnostic~-fdf76515-2e77-4ade-b28d-d569e558b004]: BUSY
[debug] [2019-11-08T17:21:03.703Z] [runtime-status] Functions runtime initialized. {"cwd":"C:\\Users\\diego\\Desktop\\ultimate-fantasy\\functions","node_version":"10.16.0"}
[debug] [2019-11-08T17:21:03.705Z] [runtime-status] Disabled runtime features: {"functions_config_helper":true,"network_filtering":true,"timeout":true,"memory_limiting":true,"admin_stubs":true} {}
[debug] [2019-11-08T17:21:03.707Z] [runtime-status] Resolved module firebase-admin {"declared":true,"installed":true,"version":"8.7.0","resolution":"C:\\Users\\diego\\Desktop\\ultimate-fantasy\\functions\\node_modules\\firebase-admin\\lib\\index.js"}
[debug] [2019-11-08T17:21:03.708Z] [runtime-status] Resolved module firebase-functions {"declared":true,"installed":true,"version":"3.3.0","resolution":"C:\\Users\\diego\\Desktop\\ultimate-fantasy\\functions\\node_modules\\firebase-functions\\lib\\index.js"}
[debug] [2019-11-08T17:21:03.709Z] [runtime-status] Resolved module firebase-functions {"declared":true,"installed":true,"version":"3.3.0","resolution":"C:\\Users\\diego\\Desktop\\ultimate-fantasy\\functions\\node_modules\\firebase-functions\\lib\\index.js"}
[warn] !  Error: The default Firebase app already exists. This means you called initializeApp() more than once without providing an app name as the second argument. In most cases you only need to call initializeApp() once. But if you do want to initialize multiple apps, pass a second argument to initializeApp() to give each app a unique name.
    at FirebaseAppError.FirebaseError [as constructor] (C:\Users\diego\Desktop\ultimate-fantasy\functions\node_modules\firebase-admin\lib\utils\error.js:42:28)
    at FirebaseAppError.PrefixedFirebaseError [as constructor] (C:\Users\diego\Desktop\ultimate-fantasy\functions\node_modules\firebase-admin\lib\utils\error.js:88:28)
    at new FirebaseAppError (C:\Users\diego\Desktop\ultimate-fantasy\functions\node_modules\firebase-admin\lib\utils\error.js:123:28)
    at FirebaseNamespaceInternals.initializeApp (C:\Users\diego\Desktop\ultimate-fantasy\functions\node_modules\firebase-admin\lib\firebase-namespace.js:68:23)
    at FirebaseNamespace.initializeApp (C:\Users\diego\Desktop\ultimate-fantasy\functions\node_modules\firebase-admin\lib\firebase-namespace.js:408:30)
    at Object.<anonymous> (C:\Users\diego\Desktop\ultimate-fantasy\functions\index.js:4:17)
    at Module._compile (internal/modules/cjs/loader.js:776:30)
    at Object.Module._extensions..js (internal/modules/cjs/loader.js:787:10)
    at Module.load (internal/modules/cjs/loader.js:653:32)
    at tryModuleLoad (internal/modules/cjs/loader.js:593:12)
[warn] !  We were unable to load your functions code. (see above)
[debug] [2019-11-08T17:21:03.772Z] [worker-~diagnostic~-fdf76515-2e77-4ade-b28d-d569e558b004]: exited
[debug] [2019-11-08T17:21:03.772Z] [worker-~diagnostic~-fdf76515-2e77-4ade-b28d-d569e558b004]: FINISHED
[debug] [2019-11-08T17:21:08.036Z] File C:\Users\diego\Desktop\ultimate-fantasy\functions\index.js changed, reloading triggers
[debug] [2019-11-08T17:21:09.045Z] [worker-~diagnostic~-ac76e935-4303-458f-a47e-2e2a0afa9017]: BUSY
[debug] [2019-11-08T17:21:09.389Z] [runtime-status] Functions runtime initialized. {"cwd":"C:\\Users\\diego\\Desktop\\ultimate-fantasy\\functions","node_version":"10.16.0"}
[debug] [2019-11-08T17:21:09.391Z] [runtime-status] Disabled runtime features: {"functions_config_helper":true,"network_filtering":true,"timeout":true,"memory_limiting":true,"admin_stubs":true} {}
[debug] [2019-11-08T17:21:09.394Z] [runtime-status] Resolved module firebase-admin {"declared":true,"installed":true,"version":"8.7.0","resolution":"C:\\Users\\diego\\Desktop\\ultimate-fantasy\\functions\\node_modules\\firebase-admin\\lib\\index.js"}
[debug] [2019-11-08T17:21:09.395Z] [runtime-status] Resolved module firebase-functions {"declared":true,"installed":true,"version":"3.3.0","resolution":"C:\\Users\\diego\\Desktop\\ultimate-fantasy\\functions\\node_modules\\firebase-functions\\lib\\index.js"}
[debug] [2019-11-08T17:21:09.396Z] [runtime-status] Resolved module firebase-functions {"declared":true,"installed":true,"version":"3.3.0","resolution":"C:\\Users\\diego\\Desktop\\ultimate-fantasy\\functions\\node_modules\\firebase-functions\\lib\\index.js"}
[info] >  [DEFAULT]
[debug] [2019-11-08T17:21:09.464Z] [worker-~diagnostic~-ac76e935-4303-458f-a47e-2e2a0afa9017]: exited
[debug] [2019-11-08T17:21:09.464Z] [worker-~diagnostic~-ac76e935-4303-458f-a47e-2e2a0afa9017]: FINISHED
[debug] [2019-11-08T17:24:19.890Z] File C:\Users\diego\Desktop\ultimate-fantasy\functions\index.js changed, reloading triggers
[debug] [2019-11-08T17:24:20.900Z] [worker-~diagnostic~-4884f5e2-35e6-47b5-bd16-77122c9e79b9]: BUSY
[debug] [2019-11-08T17:24:21.269Z] [runtime-status] Functions runtime initialized. {"cwd":"C:\\Users\\diego\\Desktop\\ultimate-fantasy\\functions","node_version":"10.16.0"}
[debug] [2019-11-08T17:24:21.271Z] [runtime-status] Disabled runtime features: {"functions_config_helper":true,"network_filtering":true,"timeout":true,"memory_limiting":true,"admin_stubs":true} {}
[debug] [2019-11-08T17:24:21.274Z] [runtime-status] Resolved module firebase-admin {"declared":true,"installed":true,"version":"8.7.0","resolution":"C:\\Users\\diego\\Desktop\\ultimate-fantasy\\functions\\node_modules\\firebase-admin\\lib\\index.js"}
[debug] [2019-11-08T17:24:21.276Z] [runtime-status] Resolved module firebase-functions {"declared":true,"installed":true,"version":"3.3.0","resolution":"C:\\Users\\diego\\Desktop\\ultimate-fantasy\\functions\\node_modules\\firebase-functions\\lib\\index.js"}
[debug] [2019-11-08T17:24:21.277Z] [runtime-status] Resolved module firebase-functions {"declared":true,"installed":true,"version":"3.3.0","resolution":"C:\\Users\\diego\\Desktop\\ultimate-fantasy\\functions\\node_modules\\firebase-functions\\lib\\index.js"}
[warn] !  Error: Cannot find module 'path/to/serviceAccountKey.json'
    at Function.Module._resolveFilename (internal/modules/cjs/loader.js:636:15)
    at Function.Module._load (internal/modules/cjs/loader.js:562:25)
    at Module.require (internal/modules/cjs/loader.js:690:17)
    at require (internal/modules/cjs/helpers.js:25:18)
    at Object.<anonymous> (C:\Users\diego\Desktop\ultimate-fantasy\functions\index.js:3:22)
    at Module._compile (internal/modules/cjs/loader.js:776:30)
    at Object.Module._extensions..js (internal/modules/cjs/loader.js:787:10)
    at Module.load (internal/modules/cjs/loader.js:653:32)
    at tryModuleLoad (internal/modules/cjs/loader.js:593:12)
    at Function.Module._load (internal/modules/cjs/loader.js:585:3)
[warn] !  We were unable to load your functions code. (see above)
[debug] [2019-11-08T17:24:21.344Z] [worker-~diagnostic~-4884f5e2-35e6-47b5-bd16-77122c9e79b9]: exited
[debug] [2019-11-08T17:24:21.344Z] [worker-~diagnostic~-4884f5e2-35e6-47b5-bd16-77122c9e79b9]: FINISHED
[debug] [2019-11-08T17:28:48.403Z] File C:\Users\diego\Desktop\ultimate-fantasy\functions\index.js changed, reloading triggers
[debug] [2019-11-08T17:28:49.417Z] [worker-~diagnostic~-b63b1cf4-bf27-4c59-b7e9-f5a75da49e91]: BUSY
[debug] [2019-11-08T17:28:49.815Z] [runtime-status] Functions runtime initialized. {"cwd":"C:\\Users\\diego\\Desktop\\ultimate-fantasy\\functions","node_version":"10.16.0"}
[debug] [2019-11-08T17:28:49.817Z] [runtime-status] Disabled runtime features: {"functions_config_helper":true,"network_filtering":true,"timeout":true,"memory_limiting":true,"admin_stubs":true} {}
[debug] [2019-11-08T17:28:49.819Z] [runtime-status] Resolved module firebase-admin {"declared":true,"installed":true,"version":"8.7.0","resolution":"C:\\Users\\diego\\Desktop\\ultimate-fantasy\\functions\\node_modules\\firebase-admin\\lib\\index.js"}
[debug] [2019-11-08T17:28:49.821Z] [runtime-status] Resolved module firebase-functions {"declared":true,"installed":true,"version":"3.3.0","resolution":"C:\\Users\\diego\\Desktop\\ultimate-fantasy\\functions\\node_modules\\firebase-functions\\lib\\index.js"}
[debug] [2019-11-08T17:28:49.821Z] [runtime-status] Resolved module firebase-functions {"declared":true,"installed":true,"version":"3.3.0","resolution":"C:\\Users\\diego\\Desktop\\ultimate-fantasy\\functions\\node_modules\\firebase-functions\\lib\\index.js"}
[warn] !  Error: The default Firebase app already exists. This means you called initializeApp() more than once without providing an app name as the second argument. In most cases you only need to call initializeApp() once. But if you do want to initialize multiple apps, pass a second argument to initializeApp() to give each app a unique name.
    at FirebaseAppError.FirebaseError [as constructor] (C:\Users\diego\Desktop\ultimate-fantasy\functions\node_modules\firebase-admin\lib\utils\error.js:42:28)
    at FirebaseAppError.PrefixedFirebaseError [as constructor] (C:\Users\diego\Desktop\ultimate-fantasy\functions\node_modules\firebase-admin\lib\utils\error.js:88:28)
    at new FirebaseAppError (C:\Users\diego\Desktop\ultimate-fantasy\functions\node_modules\firebase-admin\lib\utils\error.js:123:28)
    at FirebaseNamespaceInternals.initializeApp (C:\Users\diego\Desktop\ultimate-fantasy\functions\node_modules\firebase-admin\lib\firebase-namespace.js:68:23)
    at FirebaseNamespace.initializeApp (C:\Users\diego\Desktop\ultimate-fantasy\functions\node_modules\firebase-admin\lib\firebase-namespace.js:408:30)
    at Object.<anonymous> (C:\Users\diego\Desktop\ultimate-fantasy\functions\index.js:7:17)
    at Module._compile (internal/modules/cjs/loader.js:776:30)
    at Object.Module._extensions..js (internal/modules/cjs/loader.js:787:10)
    at Module.load (internal/modules/cjs/loader.js:653:32)
    at tryModuleLoad (internal/modules/cjs/loader.js:593:12)
[warn] !  We were unable to load your functions code. (see above)
[debug] [2019-11-08T17:28:49.888Z] [worker-~diagnostic~-b63b1cf4-bf27-4c59-b7e9-f5a75da49e91]: exited
[debug] [2019-11-08T17:28:49.888Z] [worker-~diagnostic~-b63b1cf4-bf27-4c59-b7e9-f5a75da49e91]: FINISHED
[debug] [2019-11-08T17:30:22.003Z] File C:\Users\diego\Desktop\ultimate-fantasy\functions\index.js changed, reloading triggers
[debug] [2019-11-08T17:30:23.013Z] [worker-~diagnostic~-1af85be8-7e78-4d61-bd4e-e22ad58cd317]: BUSY
[debug] [2019-11-08T17:30:23.397Z] [runtime-status] Functions runtime initialized. {"cwd":"C:\\Users\\diego\\Desktop\\ultimate-fantasy\\functions","node_version":"10.16.0"}
[debug] [2019-11-08T17:30:23.399Z] [runtime-status] Disabled runtime features: {"functions_config_helper":true,"network_filtering":true,"timeout":true,"memory_limiting":true,"admin_stubs":true} {}
[debug] [2019-11-08T17:30:23.402Z] [runtime-status] Resolved module firebase-admin {"declared":true,"installed":true,"version":"8.7.0","resolution":"C:\\Users\\diego\\Desktop\\ultimate-fantasy\\functions\\node_modules\\firebase-admin\\lib\\index.js"}
[debug] [2019-11-08T17:30:23.404Z] [runtime-status] Resolved module firebase-functions {"declared":true,"installed":true,"version":"3.3.0","resolution":"C:\\Users\\diego\\Desktop\\ultimate-fantasy\\functions\\node_modules\\firebase-functions\\lib\\index.js"}
[debug] [2019-11-08T17:30:23.405Z] [runtime-status] Resolved module firebase-functions {"declared":true,"installed":true,"version":"3.3.0","resolution":"C:\\Users\\diego\\Desktop\\ultimate-fantasy\\functions\\node_modules\\firebase-functions\\lib\\index.js"}
[info] +  functions[helloWorld]: http function initialized (http://localhost:5000/ultimate-fantasy-fe04f/us-central1/helloWorld).
[debug] [2019-11-08T17:30:23.586Z] [worker-~diagnostic~-1af85be8-7e78-4d61-bd4e-e22ad58cd317]: exited
[debug] [2019-11-08T17:30:23.586Z] [worker-~diagnostic~-1af85be8-7e78-4d61-bd4e-e22ad58cd317]: FINISHED
[debug] [2019-11-08T17:30:26.544Z] Accepted request GET /ultimate-fantasy-fe04f/us-central1/helloWorld --> helloWorld
[debug] [2019-11-08T17:30:26.573Z] [worker-helloWorld-b4b9f85e-a4ab-4079-b6b7-f8c87dfdba8c]: BUSY
[debug] [2019-11-08T17:30:26.913Z] [runtime-status] Functions runtime initialized. {"cwd":"C:\\Users\\diego\\Desktop\\ultimate-fantasy\\functions","node_version":"10.16.0"}
[debug] [2019-11-08T17:30:26.915Z] [runtime-status] Disabled runtime features: {"functions_config_helper":true,"network_filtering":true,"timeout":true,"memory_limiting":true,"admin_stubs":true} {}
[debug] [2019-11-08T17:30:26.919Z] [runtime-status] Resolved module firebase-admin {"declared":true,"installed":true,"version":"8.7.0","resolution":"C:\\Users\\diego\\Desktop\\ultimate-fantasy\\functions\\node_modules\\firebase-admin\\lib\\index.js"}
[debug] [2019-11-08T17:30:26.921Z] [runtime-status] Resolved module firebase-functions {"declared":true,"installed":true,"version":"3.3.0","resolution":"C:\\Users\\diego\\Desktop\\ultimate-fantasy\\functions\\node_modules\\firebase-functions\\lib\\index.js"}
[debug] [2019-11-08T17:30:26.922Z] [runtime-status] Resolved module firebase-functions {"declared":true,"installed":true,"version":"3.3.0","resolution":"C:\\Users\\diego\\Desktop\\ultimate-fantasy\\functions\\node_modules\\firebase-functions\\lib\\index.js"}
[debug] [2019-11-08T17:30:27.029Z] [runtime-status] Trigger "helloWorld" has been found, beginning invocation! {}
[info] i  functions: Beginning execution of "helloWorld"
[debug] [2019-11-08T17:30:27.030Z] [runtime-status]  {"httpsTrigger":{},"name":"helloWorld","entryPoint":"helloWorld"}
[debug] [2019-11-08T17:30:27.031Z] [runtime-status] Running helloWorld in mode HTTPS {}
[debug] [2019-11-08T17:30:27.036Z] {"socketPath":"\\\\?\\pipe\\C:\\Users\\diego\\Desktop\\ultimate-fantasy\\functions\\14868"}
[debug] [2019-11-08T17:30:27.037Z] [functions] Runtime ready! Sending request! {"socketPath":"\\\\?\\pipe\\C:\\Users\\diego\\Desktop\\ultimate-fantasy\\functions\\14868"}
[debug] [2019-11-08T17:30:27.044Z] [runtime-status] Ephemeral server used! {}
[debug] [2019-11-08T17:30:27.049Z] [runtime-status] Ephemeral server survived. {}
[info] i  functions: Finished "helloWorld" in ~1s
[debug] [2019-11-08T17:30:27.051Z] [worker-helloWorld-b4b9f85e-a4ab-4079-b6b7-f8c87dfdba8c]: IDLE
[debug] [2019-11-08T17:30:35.401Z] File C:\Users\diego\Desktop\ultimate-fantasy\functions\index.js changed, reloading triggers
[debug] [2019-11-08T17:30:36.401Z] [worker-pool]: Shutting down IDLE worker (helloWorld)
[debug] [2019-11-08T17:30:36.417Z] [worker-~diagnostic~-42c10039-1b9f-416b-af1d-0ddd96cc194f]: BUSY
[debug] [2019-11-08T17:30:36.417Z] [worker-helloWorld-b4b9f85e-a4ab-4079-b6b7-f8c87dfdba8c]: exited
[debug] [2019-11-08T17:30:36.417Z] [worker-helloWorld-b4b9f85e-a4ab-4079-b6b7-f8c87dfdba8c]: FINISHED
[debug] [2019-11-08T17:30:36.770Z] [runtime-status] Functions runtime initialized. {"cwd":"C:\\Users\\diego\\Desktop\\ultimate-fantasy\\functions","node_version":"10.16.0"}
[debug] [2019-11-08T17:30:36.772Z] [runtime-status] Disabled runtime features: {"functions_config_helper":true,"network_filtering":true,"timeout":true,"memory_limiting":true,"admin_stubs":true} {}
[debug] [2019-11-08T17:30:36.775Z] [runtime-status] Resolved module firebase-admin {"declared":true,"installed":true,"version":"8.7.0","resolution":"C:\\Users\\diego\\Desktop\\ultimate-fantasy\\functions\\node_modules\\firebase-admin\\lib\\index.js"}
[debug] [2019-11-08T17:30:36.776Z] [runtime-status] Resolved module firebase-functions {"declared":true,"installed":true,"version":"3.3.0","resolution":"C:\\Users\\diego\\Desktop\\ultimate-fantasy\\functions\\node_modules\\firebase-functions\\lib\\index.js"}
[debug] [2019-11-08T17:30:36.777Z] [runtime-status] Resolved module firebase-functions {"declared":true,"installed":true,"version":"3.3.0","resolution":"C:\\Users\\diego\\Desktop\\ultimate-fantasy\\functions\\node_modules\\firebase-functions\\lib\\index.js"}
[debug] [2019-11-08T17:30:36.898Z] [worker-~diagnostic~-42c10039-1b9f-416b-af1d-0ddd96cc194f]: exited
[debug] [2019-11-08T17:30:36.899Z] [worker-~diagnostic~-42c10039-1b9f-416b-af1d-0ddd96cc194f]: FINISHED
[debug] [2019-11-08T17:33:02.601Z] File C:\Users\diego\Desktop\ultimate-fantasy\functions\libs\auth.js changed, reloading triggers
[debug] [2019-11-08T17:33:03.611Z] [worker-~diagnostic~-cd95484a-92cc-4a2c-81cb-00f6450874c0]: BUSY
[debug] [2019-11-08T17:33:04.006Z] [runtime-status] Functions runtime initialized. {"cwd":"C:\\Users\\diego\\Desktop\\ultimate-fantasy\\functions","node_version":"10.16.0"}
[debug] [2019-11-08T17:33:04.008Z] [runtime-status] Disabled runtime features: {"functions_config_helper":true,"network_filtering":true,"timeout":true,"memory_limiting":true,"admin_stubs":true} {}
[debug] [2019-11-08T17:33:04.011Z] [runtime-status] Resolved module firebase-admin {"declared":true,"installed":true,"version":"8.7.0","resolution":"C:\\Users\\diego\\Desktop\\ultimate-fantasy\\functions\\node_modules\\firebase-admin\\lib\\index.js"}
[debug] [2019-11-08T17:33:04.013Z] [runtime-status] Resolved module firebase-functions {"declared":true,"installed":true,"version":"3.3.0","resolution":"C:\\Users\\diego\\Desktop\\ultimate-fantasy\\functions\\node_modules\\firebase-functions\\lib\\index.js"}
[debug] [2019-11-08T17:33:04.014Z] [runtime-status] Resolved module firebase-functions {"declared":true,"installed":true,"version":"3.3.0","resolution":"C:\\Users\\diego\\Desktop\\ultimate-fantasy\\functions\\node_modules\\firebase-functions\\lib\\index.js"}
[debug] [2019-11-08T17:33:04.143Z] [worker-~diagnostic~-cd95484a-92cc-4a2c-81cb-00f6450874c0]: exited
[debug] [2019-11-08T17:33:04.143Z] [worker-~diagnostic~-cd95484a-92cc-4a2c-81cb-00f6450874c0]: FINISHED
[debug] [2019-11-08T17:33:54.647Z] File C:\Users\diego\Desktop\ultimate-fantasy\functions\libs\auth.js changed, reloading triggers
[debug] [2019-11-08T17:33:55.664Z] [worker-~diagnostic~-33adb7c9-4f98-43da-991e-cb08d4caf48c]: BUSY
[debug] [2019-11-08T17:33:56.021Z] [runtime-status] Functions runtime initialized. {"cwd":"C:\\Users\\diego\\Desktop\\ultimate-fantasy\\functions","node_version":"10.16.0"}
[debug] [2019-11-08T17:33:56.023Z] [runtime-status] Disabled runtime features: {"functions_config_helper":true,"network_filtering":true,"timeout":true,"memory_limiting":true,"admin_stubs":true} {}
[debug] [2019-11-08T17:33:56.025Z] [runtime-status] Resolved module firebase-admin {"declared":true,"installed":true,"version":"8.7.0","resolution":"C:\\Users\\diego\\Desktop\\ultimate-fantasy\\functions\\node_modules\\firebase-admin\\lib\\index.js"}
[debug] [2019-11-08T17:33:56.027Z] [runtime-status] Resolved module firebase-functions {"declared":true,"installed":true,"version":"3.3.0","resolution":"C:\\Users\\diego\\Desktop\\ultimate-fantasy\\functions\\node_modules\\firebase-functions\\lib\\index.js"}
[debug] [2019-11-08T17:33:56.028Z] [runtime-status] Resolved module firebase-functions {"declared":true,"installed":true,"version":"3.3.0","resolution":"C:\\Users\\diego\\Desktop\\ultimate-fantasy\\functions\\node_modules\\firebase-functions\\lib\\index.js"}
[debug] [2019-11-08T17:33:56.160Z] [worker-~diagnostic~-33adb7c9-4f98-43da-991e-cb08d4caf48c]: exited
[debug] [2019-11-08T17:33:56.160Z] [worker-~diagnostic~-33adb7c9-4f98-43da-991e-cb08d4caf48c]: FINISHED
[debug] [2019-11-08T17:34:01.837Z] File C:\Users\diego\Desktop\ultimate-fantasy\functions\test\integration\lib\auth.test.js changed, reloading triggers
[debug] [2019-11-08T17:34:02.846Z] [worker-~diagnostic~-2d100366-e66f-46de-a1f4-02328400fa6b]: BUSY
[debug] [2019-11-08T17:34:03.184Z] [runtime-status] Functions runtime initialized. {"cwd":"C:\\Users\\diego\\Desktop\\ultimate-fantasy\\functions","node_version":"10.16.0"}
[debug] [2019-11-08T17:34:03.186Z] [runtime-status] Disabled runtime features: {"functions_config_helper":true,"network_filtering":true,"timeout":true,"memory_limiting":true,"admin_stubs":true} {}
[debug] [2019-11-08T17:34:03.189Z] [runtime-status] Resolved module firebase-admin {"declared":true,"installed":true,"version":"8.7.0","resolution":"C:\\Users\\diego\\Desktop\\ultimate-fantasy\\functions\\node_modules\\firebase-admin\\lib\\index.js"}
[debug] [2019-11-08T17:34:03.190Z] [runtime-status] Resolved module firebase-functions {"declared":true,"installed":true,"version":"3.3.0","resolution":"C:\\Users\\diego\\Desktop\\ultimate-fantasy\\functions\\node_modules\\firebase-functions\\lib\\index.js"}
[debug] [2019-11-08T17:34:03.191Z] [runtime-status] Resolved module firebase-functions {"declared":true,"installed":true,"version":"3.3.0","resolution":"C:\\Users\\diego\\Desktop\\ultimate-fantasy\\functions\\node_modules\\firebase-functions\\lib\\index.js"}
[debug] [2019-11-08T17:34:03.315Z] [worker-~diagnostic~-2d100366-e66f-46de-a1f4-02328400fa6b]: exited
[debug] [2019-11-08T17:34:03.315Z] [worker-~diagnostic~-2d100366-e66f-46de-a1f4-02328400fa6b]: FINISHED
[debug] [2019-11-08T17:34:37.132Z] File C:\Users\diego\Desktop\ultimate-fantasy\functions\libs\auth.js changed, reloading triggers
[debug] [2019-11-08T17:34:38.141Z] [worker-~diagnostic~-d82146cb-5d66-43ff-a991-d436be535835]: BUSY
[debug] [2019-11-08T17:34:38.512Z] [runtime-status] Functions runtime initialized. {"cwd":"C:\\Users\\diego\\Desktop\\ultimate-fantasy\\functions","node_version":"10.16.0"}
[debug] [2019-11-08T17:34:38.514Z] [runtime-status] Disabled runtime features: {"functions_config_helper":true,"network_filtering":true,"timeout":true,"memory_limiting":true,"admin_stubs":true} {}
[debug] [2019-11-08T17:34:38.518Z] [runtime-status] Resolved module firebase-admin {"declared":true,"installed":true,"version":"8.7.0","resolution":"C:\\Users\\diego\\Desktop\\ultimate-fantasy\\functions\\node_modules\\firebase-admin\\lib\\index.js"}
[debug] [2019-11-08T17:34:38.521Z] [runtime-status] Resolved module firebase-functions {"declared":true,"installed":true,"version":"3.3.0","resolution":"C:\\Users\\diego\\Desktop\\ultimate-fantasy\\functions\\node_modules\\firebase-functions\\lib\\index.js"}
[debug] [2019-11-08T17:34:38.523Z] [runtime-status] Resolved module firebase-functions {"declared":true,"installed":true,"version":"3.3.0","resolution":"C:\\Users\\diego\\Desktop\\ultimate-fantasy\\functions\\node_modules\\firebase-functions\\lib\\index.js"}
[debug] [2019-11-08T17:34:38.667Z] [worker-~diagnostic~-d82146cb-5d66-43ff-a991-d436be535835]: exited
[debug] [2019-11-08T17:34:38.667Z] [worker-~diagnostic~-d82146cb-5d66-43ff-a991-d436be535835]: FINISHED
[debug] [2019-11-08T17:34:50.707Z] File C:\Users\diego\Desktop\ultimate-fantasy\functions\libs\auth.js changed, reloading triggers
[debug] [2019-11-08T17:34:51.722Z] [worker-~diagnostic~-ba4fea18-31c6-4cb4-8100-042dfd3f9991]: BUSY
[debug] [2019-11-08T17:34:52.091Z] [runtime-status] Functions runtime initialized. {"cwd":"C:\\Users\\diego\\Desktop\\ultimate-fantasy\\functions","node_version":"10.16.0"}
[debug] [2019-11-08T17:34:52.093Z] [runtime-status] Disabled runtime features: {"functions_config_helper":true,"network_filtering":true,"timeout":true,"memory_limiting":true,"admin_stubs":true} {}
[debug] [2019-11-08T17:34:52.095Z] [runtime-status] Resolved module firebase-admin {"declared":true,"installed":true,"version":"8.7.0","resolution":"C:\\Users\\diego\\Desktop\\ultimate-fantasy\\functions\\node_modules\\firebase-admin\\lib\\index.js"}
[debug] [2019-11-08T17:34:52.097Z] [runtime-status] Resolved module firebase-functions {"declared":true,"installed":true,"version":"3.3.0","resolution":"C:\\Users\\diego\\Desktop\\ultimate-fantasy\\functions\\node_modules\\firebase-functions\\lib\\index.js"}
[debug] [2019-11-08T17:34:52.097Z] [runtime-status] Resolved module firebase-functions {"declared":true,"installed":true,"version":"3.3.0","resolution":"C:\\Users\\diego\\Desktop\\ultimate-fantasy\\functions\\node_modules\\firebase-functions\\lib\\index.js"}
[debug] [2019-11-08T17:34:52.207Z] [worker-~diagnostic~-ba4fea18-31c6-4cb4-8100-042dfd3f9991]: exited
[debug] [2019-11-08T17:34:52.208Z] [worker-~diagnostic~-ba4fea18-31c6-4cb4-8100-042dfd3f9991]: FINISHED
[debug] [2019-11-08T17:35:00.437Z] File C:\Users\diego\Desktop\ultimate-fantasy\functions\libs\auth.js changed, reloading triggers
[debug] [2019-11-08T17:35:01.445Z] [worker-~diagnostic~-7dd622cc-a6ba-48ef-91dd-b797d4d6231b]: BUSY
[debug] [2019-11-08T17:35:01.788Z] [runtime-status] Functions runtime initialized. {"cwd":"C:\\Users\\diego\\Desktop\\ultimate-fantasy\\functions","node_version":"10.16.0"}
[debug] [2019-11-08T17:35:01.790Z] [runtime-status] Disabled runtime features: {"functions_config_helper":true,"network_filtering":true,"timeout":true,"memory_limiting":true,"admin_stubs":true} {}
[debug] [2019-11-08T17:35:01.792Z] [runtime-status] Resolved module firebase-admin {"declared":true,"installed":true,"version":"8.7.0","resolution":"C:\\Users\\diego\\Desktop\\ultimate-fantasy\\functions\\node_modules\\firebase-admin\\lib\\index.js"}
[debug] [2019-11-08T17:35:01.793Z] [runtime-status] Resolved module firebase-functions {"declared":true,"installed":true,"version":"3.3.0","resolution":"C:\\Users\\diego\\Desktop\\ultimate-fantasy\\functions\\node_modules\\firebase-functions\\lib\\index.js"}
[debug] [2019-11-08T17:35:01.794Z] [runtime-status] Resolved module firebase-functions {"declared":true,"installed":true,"version":"3.3.0","resolution":"C:\\Users\\diego\\Desktop\\ultimate-fantasy\\functions\\node_modules\\firebase-functions\\lib\\index.js"}
[debug] [2019-11-08T17:35:01.902Z] [worker-~diagnostic~-7dd622cc-a6ba-48ef-91dd-b797d4d6231b]: exited
[debug] [2019-11-08T17:35:01.902Z] [worker-~diagnostic~-7dd622cc-a6ba-48ef-91dd-b797d4d6231b]: FINISHED
[debug] [2019-11-08T17:35:37.586Z] File C:\Users\diego\Desktop\ultimate-fantasy\functions\libs\auth.js changed, reloading triggers
[debug] [2019-11-08T17:35:38.597Z] [worker-~diagnostic~-ff6f0996-5a09-4b09-9e56-04c8692906ef]: BUSY
[debug] [2019-11-08T17:35:38.931Z] [runtime-status] Functions runtime initialized. {"cwd":"C:\\Users\\diego\\Desktop\\ultimate-fantasy\\functions","node_version":"10.16.0"}
[debug] [2019-11-08T17:35:38.932Z] [runtime-status] Disabled runtime features: {"functions_config_helper":true,"network_filtering":true,"timeout":true,"memory_limiting":true,"admin_stubs":true} {}
[debug] [2019-11-08T17:35:38.935Z] [runtime-status] Resolved module firebase-admin {"declared":true,"installed":true,"version":"8.7.0","resolution":"C:\\Users\\diego\\Desktop\\ultimate-fantasy\\functions\\node_modules\\firebase-admin\\lib\\index.js"}
[debug] [2019-11-08T17:35:38.936Z] [runtime-status] Resolved module firebase-functions {"declared":true,"installed":true,"version":"3.3.0","resolution":"C:\\Users\\diego\\Desktop\\ultimate-fantasy\\functions\\node_modules\\firebase-functions\\lib\\index.js"}
[debug] [2019-11-08T17:35:38.937Z] [runtime-status] Resolved module firebase-functions {"declared":true,"installed":true,"version":"3.3.0","resolution":"C:\\Users\\diego\\Desktop\\ultimate-fantasy\\functions\\node_modules\\firebase-functions\\lib\\index.js"}
[debug] [2019-11-08T17:35:39.052Z] [worker-~diagnostic~-ff6f0996-5a09-4b09-9e56-04c8692906ef]: exited
[debug] [2019-11-08T17:35:39.052Z] [worker-~diagnostic~-ff6f0996-5a09-4b09-9e56-04c8692906ef]: FINISHED
